2022-07-19 13:49:06,897 [INFO] django.utils.autoreload: Watching for file changes with StatReloader
2022-07-19 13:50:13,337 [ERROR] api.views: 'queryResult'
2022-07-19 13:50:13,339 [WARNING] django.request: Bad Request: /api/v1/weight
2022-07-19 13:56:19,518 [INFO] django.utils.autoreload: /home/itachiuchiha/Downloads/goodreaddataset/project/recommendation/api/views.py changed, reloading.
2022-07-19 13:56:29,492 [INFO] django.utils.autoreload: Watching for file changes with StatReloader
2022-07-19 13:57:02,002 [ERROR] api.views: 'queryResult'
2022-07-19 13:57:02,003 [WARNING] django.request: Bad Request: /api/v1/weight
2022-07-19 13:57:22,258 [INFO] django.utils.autoreload: /home/itachiuchiha/Downloads/goodreaddataset/project/recommendation/api/views.py changed, reloading.
2022-07-19 13:57:29,610 [INFO] django.utils.autoreload: Watching for file changes with StatReloader
2022-07-19 13:57:31,423 [ERROR] api.views: 'queryResult'
2022-07-19 13:57:31,423 [WARNING] django.request: Bad Request: /api/v1/weight
2022-07-19 13:58:01,783 [INFO] django.utils.autoreload: /home/itachiuchiha/Downloads/goodreaddataset/project/recommendation/api/views.py changed, reloading.
2022-07-19 13:58:08,747 [INFO] django.utils.autoreload: Watching for file changes with StatReloader
2022-07-19 13:58:10,575 [ERROR] api.views: 'list' object has no attribute 'items'
2022-07-19 13:58:10,576 [WARNING] django.request: Bad Request: /api/v1/weight
2022-07-19 13:58:28,674 [INFO] django.utils.autoreload: /home/itachiuchiha/Downloads/goodreaddataset/project/recommendation/api/views.py changed, reloading.
2022-07-19 13:58:34,985 [INFO] django.utils.autoreload: Watching for file changes with StatReloader
2022-07-19 13:58:59,955 [INFO] django.utils.autoreload: /home/itachiuchiha/Downloads/goodreaddataset/project/recommendation/api/views.py changed, reloading.
2022-07-19 13:59:06,436 [INFO] django.utils.autoreload: Watching for file changes with StatReloader
2022-07-19 15:53:07,308 [INFO] django.utils.autoreload: Watching for file changes with StatReloader
2022-07-19 15:53:37,235 [INFO] django.utils.autoreload: Watching for file changes with StatReloader
2022-07-19 15:56:42,963 [ERROR] api.views: local variable 'i' referenced before assignment
2022-07-19 15:56:42,963 [WARNING] django.request: Bad Request: /api/v1/weight
2022-07-19 15:57:01,186 [ERROR] api.views: local variable 'i' referenced before assignment
2022-07-19 15:57:01,187 [WARNING] django.request: Bad Request: /api/v1/weight
2022-07-19 15:59:09,333 [INFO] django.utils.autoreload: Watching for file changes with StatReloader
2022-07-19 15:59:30,611 [INFO] django.utils.autoreload: Watching for file changes with StatReloader
2022-07-19 16:00:02,171 [INFO] django.utils.autoreload: /home/itachiuchiha/Downloads/goodreaddataset/project/recommendation/api/views.py changed, reloading.
2022-07-19 16:00:09,645 [INFO] django.utils.autoreload: Watching for file changes with StatReloader
2022-07-19 16:00:45,148 [INFO] django.utils.autoreload: /home/itachiuchiha/Downloads/goodreaddataset/project/recommendation/api/views.py changed, reloading.
2022-07-19 16:00:52,266 [INFO] django.utils.autoreload: Watching for file changes with StatReloader
2022-07-19 20:24:48,040 [INFO] django.utils.autoreload: Watching for file changes with StatReloader
2022-07-19 20:31:35,360 [INFO] django.utils.autoreload: /home/itachiuchiha/Downloads/goodreaddataset/project/recommendation/api/views.py changed, reloading.
2022-07-19 20:31:48,121 [INFO] django.utils.autoreload: Watching for file changes with StatReloader
